<?xml version="1.0" encoding="UTF-8"?>
<!-- Generated by org.testng.reporters.JUnitReportReporter -->
<testsuite hostname="VenkatM3IN" failures="0" tests="1" name="com.Naukri.Testcases.DragandDrop" time="14.176" errors="0" timestamp="2021-12-19T13:13:01 IST" skipped="0">
  <testcase classname="com.Naukri.Testcases.DragandDrop" name="draganddrop" time="14.176"/>
  <system-out/>
</testsuite> <!-- com.Naukri.Testcases.DragandDrop -->
